#
# There is insufficient memory for the Java Runtime Environment to continue.
# Native memory allocation (malloc) failed to allocate 1048576 bytes for AllocateHeap
# Possible reasons:
#   The system is out of physical RAM or swap space
#   The process is running with CompressedOops enabled, and the Java Heap may be blocking the growth of the native heap
# Possible solutions:
#   Reduce memory load on the system
#   Increase physical memory or swap space
#   Check if swap backing store is full
#   Decrease Java heap size (-Xmx/-Xms)
#   Decrease number of Java threads
#   Decrease Java thread stack sizes (-Xss)
#   Set larger code cache with -XX:ReservedCodeCacheSize=
#   JVM is running with Zero Based Compressed Oops mode in which the Java heap is
#     placed in the first 32GB address space. The Java Heap base address is the
#     maximum limit for the native heap growth. Please use -XX:HeapBaseMinAddress
#     to set the Java Heap base and to place the Java Heap above 32GB virtual address.
# This output file may be truncated or incomplete.
#
#  Out of Memory Error (memory/allocation.inline.hpp:61), pid=3200, tid=0x00000000000022c4
#
# JRE version:  (8.0_242-b01) (build )
# Java VM: OpenJDK 64-Bit Server VM (25.242-b01 mixed mode windows-amd64 compressed oops)
# Failed to write core dump. Minidumps are not enabled by default on client versions of Windows
#

---------------  T H R E A D  ---------------

Current thread (0x000000000270e800):  JavaThread "Unknown thread" [_thread_in_vm, id=8900, stack(0x0000000002740000,0x0000000002840000)]

Stack: [0x0000000002740000,0x0000000002840000]
[error occurred during error reporting (printing stack bounds), id 0xc0000005]

Native frames: (J=compiled Java code, j=interpreted, Vv=VM code, C=native code)


---------------  P R O C E S S  ---------------

Java Threads: ( => current thread )

Other Threads:

=>0x000000000270e800 (exited) JavaThread "Unknown thread" [_thread_in_vm, id=8900, stack(0x0000000002740000,0x0000000002840000)]

VM state:not at safepoint (normal execution)

VM Mutex/Monitor currently owned by a thread: None

heap address: 0x00000006c0c00000, size: 4084 MB, Compressed Oops mode: Zero based, Oop shift amount: 3
Narrow klass base: 0x0000000000000000, Narrow klass shift: 3
Compressed class space size: 1073741824 Address: 0x00000007c0000000

Heap:
 PSYoungGen      total 76288K, used 1310K [0x000000076af00000, 0x0000000770400000, 0x00000007c0000000)
  eden space 65536K, 2% used [0x000000076af00000,0x000000076b047af0,0x000000076ef00000)
  from space 10752K, 0% used [0x000000076f980000,0x000000076f980000,0x0000000770400000)
  to   space 10752K, 0% used [0x000000076ef00000,0x000000076ef00000,0x000000076f980000)
 ParOldGen       total 175104K, used 0K [0x00000006c0c00000, 0x00000006cb700000, 0x000000076af00000)
  object space 175104K, 0% used [0x00000006c0c00000,0x00000006c0c00000,0x00000006cb700000)
 Metaspace       used 779K, capacity 4480K, committed 4480K, reserved 1056768K
  class space    used 74K, capacity 384K, committed 384K, reserved 1048576K

Card table byte_map: [0x0000000011d00000,0x0000000012500000] byte_map_base: 0x000000000e6fa000

Marking Bits: (ParMarkBitMap*) 0x000000006b2bf030
 Begin Bits: [0x0000000012e60000, 0x0000000016e30000)
 End Bits:   [0x0000000016e30000, 0x000000001ae00000)

Polling page: 0x00000000005b0000

CodeCache: size=245760Kb used=328Kb max_used=328Kb free=245431Kb
 bounds [0x0000000002940000, 0x0000000002bb0000, 0x0000000011940000]
 total_blobs=57 nmethods=0 adapters=38
 compilation: enabled

Compilation events (0 events):
No events

GC Heap History (0 events):
No events

Deoptimization events (0 events):
No events

Classes redefined (0 events):
No events

Internal exceptions (0 events):
No events

Events (10 events):
Event: 0.024 loading class java/lang/Short
Event: 0.024 loading class java/lang/Short done
Event: 0.024 loading class java/lang/Integer
Event: 0.024 loading class java/lang/Integer done
Event: 0.024 loading class java/lang/Long
Event: 0.024 loading class java/lang/Long done
Event: 0.025 loading class java/lang/NullPointerException
Event: 0.025 loading class java/lang/NullPointerException done
Event: 0.025 loading class java/lang/ArithmeticException
Event: 0.025 loading class java/lang/ArithmeticException done


Dynamic libraries:
0x00007ff694ac0000 - 0x00007ff694af1000 	C:\Program Files\Android\Android Studio\jre\jre\bin\java.exe
0x00007ffa39c70000 - 0x00007ffa39e64000 	C:\Windows\SYSTEM32\ntdll.dll
0x00007ffa37da0000 - 0x00007ffa37e5d000 	C:\Windows\System32\KERNEL32.DLL
0x00007ffa37a40000 - 0x00007ffa37d07000 	C:\Windows\System32\KERNELBASE.dll
0x00007ffa37f60000 - 0x00007ffa3800a000 	C:\Windows\System32\ADVAPI32.dll
0x00007ffa39150000 - 0x00007ffa391ee000 	C:\Windows\System32\msvcrt.dll
0x00007ffa37e60000 - 0x00007ffa37efb000 	C:\Windows\System32\sechost.dll
0x00007ffa395b0000 - 0x00007ffa396d3000 	C:\Windows\System32\RPCRT4.dll
0x00007ffa391f0000 - 0x00007ffa39390000 	C:\Windows\System32\USER32.dll
0x00007ffa373f0000 - 0x00007ffa37412000 	C:\Windows\System32\win32u.dll
0x00007ffa39800000 - 0x00007ffa3982a000 	C:\Windows\System32\GDI32.dll
0x00007ffa37850000 - 0x00007ffa3795a000 	C:\Windows\System32\gdi32full.dll
0x00007ffa37470000 - 0x00007ffa3750d000 	C:\Windows\System32\msvcp_win.dll
0x00007ffa375f0000 - 0x00007ffa376f0000 	C:\Windows\System32\ucrtbase.dll
0x00007ffa285f0000 - 0x00007ffa2888a000 	C:\Windows\WinSxS\amd64_microsoft.windows.common-controls_6595b64144ccf1df_6.0.19041.1_none_b555e41d4684ddec\COMCTL32.dll
0x00007ffa37d10000 - 0x00007ffa37d40000 	C:\Windows\System32\IMM32.DLL
0x0000000069fa0000 - 0x000000006a072000 	C:\Program Files\Android\Android Studio\jre\jre\bin\msvcr100.dll
0x000000006aaf0000 - 0x000000006b33b000 	C:\Program Files\Android\Android Studio\jre\jre\bin\server\jvm.dll
0x00007ffa38f80000 - 0x00007ffa38f88000 	C:\Windows\System32\PSAPI.DLL
0x00007ffa30b40000 - 0x00007ffa30b4a000 	C:\Windows\SYSTEM32\VERSION.dll
0x00007ffa2a690000 - 0x00007ffa2a6b7000 	C:\Windows\SYSTEM32\WINMM.dll
0x00007ffa28d10000 - 0x00007ffa28d19000 	C:\Windows\SYSTEM32\WSOCK32.dll
0x00007ffa38f00000 - 0x00007ffa38f6b000 	C:\Windows\System32\WS2_32.dll
0x00007ffa28cb0000 - 0x00007ffa28cbf000 	C:\Program Files\Android\Android Studio\jre\jre\bin\verify.dll
0x00007ffa25d70000 - 0x00007ffa25d99000 	C:\Program Files\Android\Android Studio\jre\jre\bin\java.dll
0x00007ffa24f40000 - 0x00007ffa24f56000 	C:\Program Files\Android\Android Studio\jre\jre\bin\zip.dll

VM Arguments:
java_command: org.jetbrains.git4idea.http.GitAskPassApp Username for 'https://github.com': 
java_class_path (initial): C:/Program Files/Android/Android Studio/plugins/git4idea/lib/git4idea-rt.jar;C:/Program Files/Android/Android Studio/lib/xmlrpc-2.0.1.jar;C:/Program Files/Android/Android Studio/lib/commons-codec-1.14.jar;C:/Program Files/Android/Android Studio/lib/util.jar
Launcher Type: SUN_STANDARD

Environment Variables:
PATH=C:/Program Files/Git/mingw64/libexec/git-core;C:/Program Files/Git/mingw64/libexec/git-core;C:\Program Files\Git\mingw64\bin;C:\Program Files\Git\usr\bin;C:\Users\ALEX\bin;C:\Program Files (x86)\Common Files\Intel\Shared Libraries\redist\intel64\compiler;C:\Program Files (x86)\Common Files\Oracle\Java\javapath;C:\Windows\system32;C:\Windows;C:\Windows\System32\Wbem;C:\Windows\System32\WindowsPowerShell\v1.0\;C:\Program Files (x86)\NVIDIA Corporation\PhysX\Common;C:\Program Files (x86)\Common Files\Acronis\VirtualFile\;C:\Program Files (x86)\Common Files\Acronis\VirtualFile64\;C:\Program Files (x86)\Common Files\Acronis\FileProtector\;C:\Program Files (x86)\Common Files\Acronis\FileProtector64\;C:\Program Files (x86)\Common Files\Acronis\SnapAPI\;C:\Program Files\Git\cmd;C:\Program Files\dotnet\;C:\Users\ALEX\AppData\Local\Microsoft\WindowsApps;C:\Users\ALEX\AppData\Local\Programs\Microsoft VS Code\bin;C:\Users\ALEX\AppData\Local\atom\bin;C:\Users\ALEX\.dotnet\tools
USERNAME=ALEX
DISPLAY=:0.0
OS=Windows_NT
PROCESSOR_IDENTIFIER=Intel64 Family 6 Model 158 Stepping 11, GenuineIntel



---------------  S Y S T E M  ---------------

OS: Windows 10.0 , 64 bit Build 19041 (10.0.19041.207)

CPU:total 4 (initial active 4) (4 cores per cpu, 1 threads per core) family 6 model 158 stepping 11, cmov, cx8, fxsr, mmx, sse, sse2, sse3, ssse3, sse4.1, sse4.2, popcnt, avx, avx2, aes, clmul, erms, 3dnowpref, lzcnt, tsc, tscinvbit, bmi1, bmi2, adx

Memory: 4k page, physical 16719944k(3670324k free), swap 16719944k(6084k free)

vm_info: OpenJDK 64-Bit Server VM (25.242-b01) for windows-amd64 JRE (1.8.0_242-release-1644-b01), built by "builder" with MS VC++ 10.0 (VS2010)

time: Wed Mar 10 15:44:01 2021
timezone: RTZ 1 (зима)
elapsed time: 0 seconds (0d 0h 0m 0s)

